<?xml version="1.0" encoding="UTF-8"?>
<testsuite name="com.capstonedesign07.wormgame.WormgameApplicationTests" tests="1" skipped="0" failures="0" errors="0" timestamp="2022-03-27T12:18:30" hostname="jacker.jj.ac.kr" time="0.44">
  <properties/>
  <testcase name="contextLoads()" classname="com.capstonedesign07.wormgame.WormgameApplicationTests" time="0.44"/>
  <system-out><![CDATA[21:18:26.984 [Test worker] DEBUG org.springframework.test.context.BootstrapUtils - Instantiating CacheAwareContextLoaderDelegate from class [org.springframework.test.context.cache.DefaultCacheAwareContextLoaderDelegate]
21:18:26.996 [Test worker] DEBUG org.springframework.test.context.BootstrapUtils - Instantiating BootstrapContext using constructor [public org.springframework.test.context.support.DefaultBootstrapContext(java.lang.Class,org.springframework.test.context.CacheAwareContextLoaderDelegate)]
21:18:27.036 [Test worker] DEBUG org.springframework.test.context.BootstrapUtils - Instantiating TestContextBootstrapper for test class [com.capstonedesign07.wormgame.WormgameApplicationTests] from class [org.springframework.boot.test.context.SpringBootTestContextBootstrapper]
21:18:27.054 [Test worker] INFO org.springframework.boot.test.context.SpringBootTestContextBootstrapper - Neither @ContextConfiguration nor @ContextHierarchy found for test class [com.capstonedesign07.wormgame.WormgameApplicationTests], using SpringBootContextLoader
21:18:27.059 [Test worker] DEBUG org.springframework.test.context.support.AbstractContextLoader - Did not detect default resource location for test class [com.capstonedesign07.wormgame.WormgameApplicationTests]: class path resource [com/capstonedesign07/wormgame/WormgameApplicationTests-context.xml] does not exist
21:18:27.060 [Test worker] DEBUG org.springframework.test.context.support.AbstractContextLoader - Did not detect default resource location for test class [com.capstonedesign07.wormgame.WormgameApplicationTests]: class path resource [com/capstonedesign07/wormgame/WormgameApplicationTestsContext.groovy] does not exist
21:18:27.061 [Test worker] INFO org.springframework.test.context.support.AbstractContextLoader - Could not detect default resource locations for test class [com.capstonedesign07.wormgame.WormgameApplicationTests]: no resource found for suffixes {-context.xml, Context.groovy}.
21:18:27.062 [Test worker] INFO org.springframework.test.context.support.AnnotationConfigContextLoaderUtils - Could not detect default configuration classes for test class [com.capstonedesign07.wormgame.WormgameApplicationTests]: WormgameApplicationTests does not declare any static, non-private, non-final, nested classes annotated with @Configuration.
21:18:27.119 [Test worker] DEBUG org.springframework.test.context.support.ActiveProfilesUtils - Could not find an 'annotation declaring class' for annotation type [org.springframework.test.context.ActiveProfiles] and class [com.capstonedesign07.wormgame.WormgameApplicationTests]
21:18:27.197 [Test worker] DEBUG org.springframework.context.annotation.ClassPathScanningCandidateComponentProvider - Identified candidate component class: file [/root/IdeaProjects/wormgame/build/classes/java/main/com/capstonedesign07/wormgame/WormgameApplication.class]
21:18:27.198 [Test worker] INFO org.springframework.boot.test.context.SpringBootTestContextBootstrapper - Found @SpringBootConfiguration com.capstonedesign07.wormgame.WormgameApplication for test class com.capstonedesign07.wormgame.WormgameApplicationTests
21:18:27.313 [Test worker] DEBUG org.springframework.boot.test.context.SpringBootTestContextBootstrapper - @TestExecutionListeners is not present for class [com.capstonedesign07.wormgame.WormgameApplicationTests]: using defaults.
21:18:27.314 [Test worker] INFO org.springframework.boot.test.context.SpringBootTestContextBootstrapper - Loaded default TestExecutionListener class names from location [META-INF/spring.factories]: [org.springframework.boot.test.autoconfigure.restdocs.RestDocsTestExecutionListener, org.springframework.boot.test.autoconfigure.web.client.MockRestServiceServerResetTestExecutionListener, org.springframework.boot.test.autoconfigure.web.servlet.MockMvcPrintOnlyOnFailureTestExecutionListener, org.springframework.boot.test.autoconfigure.web.servlet.WebDriverTestExecutionListener, org.springframework.boot.test.autoconfigure.webservices.client.MockWebServiceServerTestExecutionListener, org.springframework.boot.test.mock.mockito.MockitoTestExecutionListener, org.springframework.boot.test.mock.mockito.ResetMocksTestExecutionListener, org.springframework.test.context.web.ServletTestExecutionListener, org.springframework.test.context.support.DirtiesContextBeforeModesTestExecutionListener, org.springframework.test.context.event.ApplicationEventsTestExecutionListener, org.springframework.test.context.support.DependencyInjectionTestExecutionListener, org.springframework.test.context.support.DirtiesContextTestExecutionListener, org.springframework.test.context.transaction.TransactionalTestExecutionListener, org.springframework.test.context.jdbc.SqlScriptsTestExecutionListener, org.springframework.test.context.event.EventPublishingTestExecutionListener]
21:18:27.329 [Test worker] DEBUG org.springframework.boot.test.context.SpringBootTestContextBootstrapper - Skipping candidate TestExecutionListener [org.springframework.test.context.transaction.TransactionalTestExecutionListener] due to a missing dependency. Specify custom listener classes or make the default listener classes and their required dependencies available. Offending class: [org/springframework/transaction/interceptor/TransactionAttributeSource]
21:18:27.330 [Test worker] DEBUG org.springframework.boot.test.context.SpringBootTestContextBootstrapper - Skipping candidate TestExecutionListener [org.springframework.test.context.jdbc.SqlScriptsTestExecutionListener] due to a missing dependency. Specify custom listener classes or make the default listener classes and their required dependencies available. Offending class: [org/springframework/transaction/interceptor/TransactionAttribute]
21:18:27.331 [Test worker] INFO org.springframework.boot.test.context.SpringBootTestContextBootstrapper - Using TestExecutionListeners: [org.springframework.test.context.web.ServletTestExecutionListener@2b5825fa, org.springframework.test.context.support.DirtiesContextBeforeModesTestExecutionListener@53d1b9b3, org.springframework.test.context.event.ApplicationEventsTestExecutionListener@2cae1042, org.springframework.boot.test.mock.mockito.MockitoTestExecutionListener@163d04ff, org.springframework.boot.test.autoconfigure.SpringBootDependencyInjectionTestExecutionListener@7c209437, org.springframework.test.context.support.DirtiesContextTestExecutionListener@2262b621, org.springframework.test.context.event.EventPublishingTestExecutionListener@7e928e2f, org.springframework.boot.test.autoconfigure.restdocs.RestDocsTestExecutionListener@f667fe, org.springframework.boot.test.autoconfigure.web.client.MockRestServiceServerResetTestExecutionListener@788fcafb, org.springframework.boot.test.autoconfigure.web.servlet.MockMvcPrintOnlyOnFailureTestExecutionListener@4febb875, org.springframework.boot.test.autoconfigure.web.servlet.WebDriverTestExecutionListener@25e2a451, org.springframework.boot.test.autoconfigure.webservices.client.MockWebServiceServerTestExecutionListener@1698ee84, org.springframework.boot.test.mock.mockito.ResetMocksTestExecutionListener@10c626be]
21:18:27.336 [Test worker] DEBUG org.springframework.test.context.support.AbstractDirtiesContextTestExecutionListener - Before test class: context [DefaultTestContext@758c83d8 testClass = WormgameApplicationTests, testInstance = [null], testMethod = [null], testException = [null], mergedContextConfiguration = [WebMergedContextConfiguration@129b4fe2 testClass = WormgameApplicationTests, locations = '{}', classes = '{class com.capstonedesign07.wormgame.WormgameApplication}', contextInitializerClasses = '[]', activeProfiles = '{}', propertySourceLocations = '{}', propertySourceProperties = '{org.springframework.boot.test.context.SpringBootTestContextBootstrapper=true}', contextCustomizers = set[org.springframework.boot.test.autoconfigure.actuate.metrics.MetricsExportContextCustomizerFactory$DisableMetricExportContextCustomizer@4e423aa2, org.springframework.boot.test.autoconfigure.properties.PropertyMappingContextCustomizer@0, org.springframework.boot.test.autoconfigure.web.servlet.WebDriverContextCustomizerFactory$Customizer@79dc5318, org.springframework.boot.test.context.filter.ExcludeFilterContextCustomizer@54eb2b70, org.springframework.boot.test.json.DuplicateJsonObjectContextCustomizerFactory$DuplicateJsonObjectContextCustomizer@20ca951f, org.springframework.boot.test.mock.mockito.MockitoContextCustomizer@0, org.springframework.boot.test.web.client.TestRestTemplateContextCustomizer@51549490, org.springframework.boot.test.context.SpringBootTestArgs@1, org.springframework.boot.test.context.SpringBootTestWebEnvironment@7c9d8e2], resourceBasePath = 'src/main/webapp', contextLoader = 'org.springframework.boot.test.context.SpringBootContextLoader', parent = [null]], attributes = map['org.springframework.test.context.web.ServletTestExecutionListener.activateListener' -> true]], class annotated with @DirtiesContext [false] with mode [null].

  .   ____          _            __ _ _
 /\\ / ___'_ __ _ _(_)_ __  __ _ \ \ \ \
( ( )\___ | '_ | '_| | '_ \/ _` | \ \ \ \
 \\/  ___)| |_)| | | | | || (_| |  ) ) ) )
  '  |____| .__|_| |_|_| |_\__, | / / / /
 =========|_|==============|___/=/_/_/_/
 :: Spring Boot ::                (v2.6.5)

2022-03-27 21:18:27.842  INFO 18229 --- [    Test worker] c.c.wormgame.WormgameApplicationTests    : Starting WormgameApplicationTests using Java 11.0.14.1 on jacker.jj.ac.kr with PID 18229 (started by root in /root/IdeaProjects/wormgame)
2022-03-27 21:18:27.845  INFO 18229 --- [    Test worker] c.c.wormgame.WormgameApplicationTests    : No active profile set, falling back to 1 default profile: "default"
2022-03-27 21:18:29.809  INFO 18229 --- [    Test worker] o.s.b.a.w.s.WelcomePageHandlerMapping    : Adding welcome page: class path resource [static/index.html]
2022-03-27 21:18:30.191  INFO 18229 --- [    Test worker] c.c.wormgame.WormgameApplicationTests    : Started WormgameApplicationTests in 2.813 seconds (JVM running for 4.15)
]]></system-out>
  <system-err><![CDATA[]]></system-err>
</testsuite>
